<?xml version="1.0" encoding="UTF-8"?>
<!-- Generated by org.testng.reporters.JUnitReportReporter -->
<testsuite hostname="BHANU-LAPTOP" failures="0" tests="2" name="scripts.InvalidLogin" time="29.044" errors="0" timestamp="2021-12-29T12:23:02 IST" skipped="0">
  <testcase classname="scripts.InvalidLogin" name="testInvalidLogin" time="12.518"/>
  <system-out/>
  <testcase classname="scripts.InvalidLogin" name="testInvalidLogin" time="16.526"/>
  <system-out/>
</testsuite> <!-- scripts.InvalidLogin -->
