<?xml version="1.0" encoding="UTF-8"?>
<!-- Generated by org.testng.reporters.JUnitReportReporter -->
<testsuite hostname="BHANU-LAPTOP" failures="0" tests="1" name="scripts.ValidLogin" time="19.306" errors="0" timestamp="2021-12-22T12:33:36 IST" skipped="0">
  <testcase classname="scripts.ValidLogin" name="testValidLogin" time="19.306"/>
  <system-out/>
</testsuite> <!-- scripts.ValidLogin -->
