<?xml version="1.0" encoding="UTF-8"?>
<!-- Generated by org.testng.reporters.JUnitReportReporter -->
<testsuite hostname="BHANU-LAPTOP" failures="0" tests="2" name="scripts.ValidLogin" time="41.333" errors="0" timestamp="2021-12-29T12:23:02 IST" skipped="0">
  <testcase classname="scripts.ValidLogin" name="testValidLogin" time="18.383"/>
  <system-out/>
  <testcase classname="scripts.ValidLogin" name="testValidLogin" time="22.950"/>
  <system-out/>
</testsuite> <!-- scripts.ValidLogin -->
