<?xml version="1.0" encoding="UTF-8"?>
<!-- Generated by org.testng.reporters.JUnitReportReporter -->
<testsuite hostname="BHANU-LAPTOP" failures="0" tests="1" name="scripts.ValidLogin" time="14.503" errors="0" timestamp="2021-12-23T11:36:46 IST" skipped="0">
  <testcase classname="scripts.ValidLogin" name="testValidLogin" time="14.503"/>
  <system-out/>
</testsuite> <!-- scripts.ValidLogin -->
