<?xml version="1.0" encoding="UTF-8"?>
<!-- Generated by org.testng.reporters.JUnitReportReporter -->
<testsuite hostname="BHANU-LAPTOP" failures="0" tests="2" name="scripts.ValidLogin" time="35.390" errors="0" timestamp="2021-12-23T12:27:40 IST" skipped="0">
  <testcase classname="scripts.ValidLogin" name="testValidLogin" time="16.434"/>
  <system-out/>
  <testcase classname="scripts.ValidLogin" name="testValidLogin" time="18.956"/>
  <system-out/>
</testsuite> <!-- scripts.ValidLogin -->
