<?xml version="1.0" encoding="UTF-8"?>
<!-- Generated by org.testng.reporters.JUnitReportReporter -->
<testsuite hostname="BHANU-LAPTOP" failures="0" tests="1" name="scripts.InvalidLogin" time="10.039" errors="0" timestamp="2021-12-23T11:36:46 IST" skipped="0">
  <testcase classname="scripts.InvalidLogin" name="testInvalidLogin" time="10.039"/>
  <system-out/>
</testsuite> <!-- scripts.InvalidLogin -->
