<?xml version="1.0" encoding="UTF-8"?>
<!-- Generated by org.testng.reporters.JUnitReportReporter -->
<testsuite hostname="BHANU-LAPTOP" failures="0" tests="1" name="scripts.Demo1" time="13.383" errors="0" timestamp="2021-12-22T12:35:29 IST" skipped="0">
  <testcase classname="scripts.Demo1" name="testA" time="13.383"/>
  <system-out/>
</testsuite> <!-- scripts.Demo1 -->
