<?xml version="1.0" encoding="UTF-8"?>
<!-- Generated by org.testng.reporters.JUnitReportReporter -->
<testsuite hostname="BHANU-LAPTOP" failures="0" tests="2" name="scripts.InvalidLogin" time="25.083" errors="0" timestamp="2021-12-23T12:27:40 IST" skipped="0">
  <testcase classname="scripts.InvalidLogin" name="testInvalidLogin" time="10.617"/>
  <system-out/>
  <testcase classname="scripts.InvalidLogin" name="testInvalidLogin" time="14.466"/>
  <system-out/>
</testsuite> <!-- scripts.InvalidLogin -->
